03:17:54	[EN→JA]	rare open floor has ever seen so it's called Maxclaw and here's the thing it's actually built on	これまでに見たことのない珍しいオープンフロアなのでマックスクローと呼ばれています。実際に建てられているのはこれです
03:18:06	[EN→JA]	It's a made it super simple. Right? She's on 10 months. No, server. No,	とてもシンプルに作られています。右？彼女は生後10ヶ月です。いいえ、サーバー です。いいえ、
03:18:22	[EN→JA]	And what's that discord? It's like over 10,000 AI agents already built.	そして、その不一致は何ですか？すでに 10,000 を超える AI エージェントが構築されているようです。
03:18:37	[EN→JA]	Why would anyone still use OpenCore? We're going to put them both to the test right now.	なぜまだ OpenCore を使用する人がいるのでしょう?これから両方をテストしてみます。
03:18:50	[EN→JA]	It's Python core. And then from here, we can click on start now and get access to it.	Pythonのコアです。ここから、「今すぐ開始」をクリックしてアクセスできます。
03:19:02	[EN→JA]	Let's in the monthly if you just want to test this out. So it defaults to yearly.	これを試してみたいだけなら、月刊誌に参加してみましょう。したがって、デフォルトでは毎年になります。
03:26:28	[EN→JA]	So it says start your course.	つまり、コースを開始するということです。
03:26:33	[EN→JA]	Cool. Stop single click and power down.	いいね。シングルクリックを停止して電源を切ります。
03:26:40	[EN→JA]	You should go for example like	たとえば次のようにする必要があります
03:26:46	[EN→JA]	We're doing industry work.	私たちは業界の仕事をしています。
03:26:51	[EN→JA]	So you basically you get a choice different	つまり、基本的には別の選択肢が得られます
03:26:58	[EN→JA]	See, it's the point now. I wonder how long	ほら、ここからが本題だ。いつまでだろう
03:27:03	[EN→JA]	I'm sorry. I'm sorry. I'm	ごめんなさい。私は
03:27:08	[EN→JA]	And now it says meet Max Claw chat, right?	そして今、Max Claw チャットに会うと表示されますよね?
03:27:15	[EN→JA]	Let's try and connect these two.	この 2 つを接続してみましょう。
03:27:21	[EN→JA]	I'm just doing the background.	背景だけやってます。
03:27:26	[EN→JA]	I started using this with Max Core. And then...	私はMax Coreでこれを使い始めました。その後...
03:27:33	[EN→JA]	Then once you've done that, you' It was	それで、それをやったら、あなたは」
03:27:40	[EN→JA]	Oh, goodness, what? Like, a pairing contest	ああ、何だ？ペアリングコンテストみたいな
03:27:47	[EN→JA]	Telegram, which is pretty nice. So that was	電報、なかなかいいですね。それがそうでした
03:27:53	[EN→JA]	The tracking of which now access is...	現在のアクセスの追跡は...
03:27:58	[EN→JA]	I'm going to take a look at the video.	ビデオを見てみます。
03:28:03	[EN→JA]	You're a lot cleaner than selling up.	売り飛ばすよりずっとすっきりしますよ。
03:28:04	[EN→JA]	Examples have been like OpenClaw.	例としては OpenClaw などが挙げられます。
03:28:11	[EN→JA]	I'm going to go inside and chat here.	中に入ってここでお話します。
03:28:17	[EN→JA]	An image and a video.	画像とビデオ。
03:28:23	[EN→JA]	I'm 100% sure if it can or	それができるかどうかは100％確信しています
03:28:30	[EN→JA]	You can't give it a name or anything. It'	名前などを付けることはできません。それ'
03:28:36	[EN→JA]	And now you can see it's typing here.	そして今、ここに入力していることがわかります。
03:28:42	[EN→JA]	It's the one who generated the images.	画像を作成した者です。
03:28:45	[EN→JA]	Oh, that's cool. There's someone on it	ああ、それはすごいですね。その上に誰かがいます
03:28:54	[EN→JA]	If you go to we've got Manus,	行けばマヌスがいるよ、
03:28:58	[EN→JA]	I don't stress out each day what it does.	毎日その仕事にストレスを感じることはありません。
03:29:04	[EN→JA]	I'm here with the lighting machine.	照明機と一緒に来ました。
03:29:13	[EN→JA]	is quite a bit cheaper bear in mind I've spent	かなり安いです、私が費やしたことを覚えておいてください
03:29:21	[EN→JA]	That's right.	それは正しい。
03:29:28	[EN→JA]	So now it's beginning to, you know,	それで今、それが始まっています、ご存知のとおり、
03:29:35	[EN→JA]	to give us The image	私たちにイメージを与えるために
03:29:41	[EN→JA]	The image generated is a clear image.	生成される画像は鮮明な画像です。
03:29:48	[EN→JA]	You can see that we've got the image in the background	背景に画像があることがわかります
03:29:50	[EN→JA]	Video generated really simple and easy to	ビデオ生成は非常にシンプルで簡単です
03:29:58	[EN→JA]	I'm going to put a little In like 10	10くらい少し入れてみます
03:30:03	[EN→JA]	of pre-built skills as I did.	私がやったのと同じように、事前に構築されたスキルの。
03:30:15	[EN→JA]	Open source, sorry, the	オープンソース、申し訳ありませんが、
03:30:22	[EN→JA]	I'm going to start with the task history here.	ここではタスク履歴から始めます。
03:30:27	[EN→JA]	Maps that you can build, etc.	作成できるマップなど
03:30:32	[EN→JA]	Fairly inside Minimaxes.	かなりミニマックスの内側です。
03:30:39	[EN→JA]	You can do like daily AI news break.	毎日の AI ニュース速報のようなことができます。
03:30:48	[EN→JA]	So if we say, okay,	それで、「わかりました」と言えば、
03:30:54	[EN→JA]	Please. Bangkok time.	お願いします。バンコク時間。
03:31:00	[EN→JA]	Yeah And we'll see if that works. And if you go	はい、それがうまくいくかどうか見てみましょう。そして、あなたが行くなら
03:31:11	[EN→JA]	And then we've created this cron job cron job	そして、この cron ジョブ cron ジョブを作成しました
03:31:21	[EN→JA]	In the middle. And then you should get that back.	真ん中に。そしてそれを取り戻さなければなりません。
03:31:27	[EN→JA]	I'm going to go to the bathroom. I'	トイレに行きます。私'
03:31:31	[EN→JA]	It's not running locally.	ローカルでは実行されていません。
03:31:40	[EN→JA]	built in and it saves you a lot of time because	組み込まれており、時間を大幅に節約できます。
03:31:43	[EN→JA]	You don't have to set up everything yourself.	すべてを自分で設定する必要はありません。
03:31:52	[EN→JA]	You can use these experts directly.	これらの専門家を直接利用できます。
03:32:06	[EN→JA]	Totally should be awesome. Just	まったく素晴らしいはずです。ただ
03:32:08	[EN→JA]	Every recap here. What can...	すべての要約はここにあります。何ができる...
03:32:18	[EN→JA]	24-7 skills. It can work 24	24時間365日のスキル。それは機能します24
03:32:26	[EN→JA]	It's a bit of a painstaking trait, right	ちょっと面倒な性格ですよね
03:32:32	[EN→JA]	updates and that sort of thing. Obviously, there's been	アップデートとかそういうこと。明らかに、それはありました
03:32:33	[EN→JA]	Secure theorists with open crawl.	オープンクロールで理論家を保護します。
03:32:46	[EN→JA]	It just launched, literally.	文字通り、ローンチしたばかりです。
03:32:51	[EN→JA]	It's going to be the Minimax Agent Basement	ここはミニマックスエージェントの地下室になります
03:32:58	[EN→JA]	And APIs around there.	そしてそこら辺のAPI。
03:33:04	[EN→JA]	Here's, if we look at setup difficulty.	セットアップの難易度を見てみると次のとおりです。
03:33:10	[EN→JA]	That's another holiday. Of course, of course,	それはまた別の休日です。もちろん、もちろん、
03:33:17	[EN→JA]	Should you use open core or mini-maps?	オープンコアまたはミニマップを使用する必要がありますか?
03:33:28	[EN→JA]	And you're using it for like business and content creation.	そして、それをビジネスやコンテンツ作成などに使用しています。
03:33:36	[EN→JA]	Look, man-line's eternal because you have to	ほら、マンラインは永遠だ、なぜならそうする必要があるからだ
03:33:43	[EN→JA]	Questions.	質問。
03:33:46	[EN→JA]	Of course, if you don't mind, maintain.	もちろん、差し支えなければメンテナンスしてください。
03:33:54	[EN→JA]	Hey, Joe. Right now, it's like, oh	やあ、ジョー。今は、ああ、という感じです。
03:33:56	[EN→JA]	What we're really watching is AI going	私たちが本当に注目しているのはAIの進化です
03:34:07	[EN→JA]	Qualcode released remote control.	クアルコードがリモコンを発売。
03:34:12	[EN→JA]	I'm going to go to the police agent.	警察署に行くつもりです。
03:34:18	[EN→JA]	That to accelerate and continue.	それを加速し、継続すること。
03:34:24	[EN→JA]	Anyone can use it. And this is really...	誰でも使用できます。そして、これは本当に...
03:34:25	[EN→JA]	the beginning of having your own digital.	自分だけのデジタルを持つ始まり。
03:34:34	[EN→JA]	Oh, my God, you're mighty. That's	ああ、なんてことだ、あなたは偉大です。それは
03:34:36	[EN→JA]	Syn of Max Core versus Open Core.	Max Core と Open Core の同期。
03:34:45	[EN→JA]	They also completed all the tasks for you.	彼らはまた、あなたの代わりにすべてのタスクを完了しました。
03:34:54	[EN→JA]	And how to do that. so if you go inside the play	そしてそれを行う方法。それで劇の中に入ったら
03:34:57	[EN→JA]	Okay, you can see how we use	さて、私たちがどのように使用するかがわかります
03:35:05	[EN→JA]	I think it's a good idea to try it first.	まずは試してみるのが良いと思います。
03:35:12	[EN→JA]	All inside the AR profit boardroom along with	AR 利益役員会議室のすべてと
03:35:17	[EN→JA]	Healthy, safe time, skill and learning.	健康的で安全な時間、スキル、学習。
03:35:24	[EN→JA]	Have members, which means you can always get them.	メンバーがいるということは、いつでもメンバーを獲得できるということです。
03:35:31	[EN→JA]	So when you're working on something, you're working	だから、何かに取り組んでいるとき、あなたは働いているのです
03:35:40	[EN→JA]	Be held accountable to that. The cool thing about...	それに責任を持ってください。素晴らしい点は...
03:35:48	[EN→JA]	We struggle with getting into the same situation.	私たちも同じ状況に陥るのに苦労しています。
